<?xml version="1.0" encoding="UTF-8"?>
<testsuite xmlns:xsi="http://www.w3.org/2001/XMLSchema-instance" xsi:noNamespaceSchemaLocation="https://maven.apache.org/surefire/maven-surefire-plugin/xsd/surefire-test-report-3.0.xsd" version="3.0" name="OrderTests" time="0.251" tests="4" errors="0" skipped="0" failures="0">
  <properties>
[...]
</properties>
  <testcase name="testOrderBuilder_WithGiftWrap" classname="OrderTests" time="0.139"/>
  <testcase name="testOrderBuilder_WithBooks" classname="OrderTests" time="0.003"/>
  <testcase name="testOrderBuilder_MinimalOrder" classname="OrderTests" time="0.007"/>
  <testcase name="testOrderBuilder_FullOrder" classname="OrderTests" time="0.003"/>
</testsuite>